Login attempt for email: admin@example.com
Password provided: password123
User found. Hash: $2y$10$HIaAj1MvoUSigTaecnEItOKVPZ6p0T5Yp0nNqsQQuE3DHYT72DiO2
Login attempt for email: admin@example.com
Password provided: password123
User found. Hash: $2y$10$HIaAj1MvoUSigTaecnEItOKVPZ6p0T5Yp0nNqsQQuE3DHYT72DiO2
Login attempt for email: admin@example.com
Password provided: password123
User found. Hash: $2y$10$HIaAj1MvoUSigTaecnEItOKVPZ6p0T5Yp0nNqsQQuE3DHYT72DiO2
Login attempt for email: user1@gmail.com
Password provided: user1234
Login attempt for email: test1@example.com
Password provided: password123
User found. Hash: $2y$10$tUruz6VbVm1n1uTSsakmJ.kR0Hhh2Pq.QsW4W8i7XOp/uKFcUqGQ6
Login attempt for email: admin@example.com
Password provided: password123
User found. Hash: $2y$10$HIaAj1MvoUSigTaecnEItOKVPZ6p0T5Yp0nNqsQQuE3DHYT72DiO2
Login attempt for email: test1@example.com
Password provided: password123
User found. Hash: $2y$10$tUruz6VbVm1n1uTSsakmJ.kR0Hhh2Pq.QsW4W8i7XOp/uKFcUqGQ6
Login attempt for email: test1@example.com
Password provided: password123
User found. Hash: $2y$10$tUruz6VbVm1n1uTSsakmJ.kR0Hhh2Pq.QsW4W8i7XOp/uKFcUqGQ6
Login attempt for email: test1@example.com
Password provided: password123
User found. Hash: $2y$10$tUruz6VbVm1n1uTSsakmJ.kR0Hhh2Pq.QsW4W8i7XOp/uKFcUqGQ6
Login attempt for email: test1@example.com
Password provided: password123
User found. Hash: $2y$10$tUruz6VbVm1n1uTSsakmJ.kR0Hhh2Pq.QsW4W8i7XOp/uKFcUqGQ6
Login attempt for email: admin@example.com
Password provided: password123
User found. Hash: $2y$10$HIaAj1MvoUSigTaecnEItOKVPZ6p0T5Yp0nNqsQQuE3DHYT72DiO2
Login attempt for email: test_verif@example.com
Password provided: passwordpassword123password123
User found. Hash: $2y$10$IPBeyWmZqzPJsG9rxC0gE.i30KzrswlKjI41l1DTVSWguuUjj.KSO
Login attempt for email: testuser_1678886400@example.com
Password provided: password123
User found. Hash: $2y$10$19znDhXnpoKW/IYnfLSz..BLXNXL9PSRzyheJpWXbKuoliTc0r5z2
Login attempt for email: testuser_1678886400@example.com
Password provided: password123
User found. Hash: $2y$10$19znDhXnpoKW/IYnfLSz..BLXNXL9PSRzyheJpWXbKuoliTc0r5z2
Login attempt for email: test1@example.com
Password provided: password123
User found. Hash: $2y$10$tUruz6VbVm1n1uTSsakmJ.kR0Hhh2Pq.QsW4W8i7XOp/uKFcUqGQ6
Login attempt for email: test1@example.com
Password provided: password123
User found. Hash: $2y$10$tUruz6VbVm1n1uTSsakmJ.kR0Hhh2Pq.QsW4W8i7XOp/uKFcUqGQ6
API Request: /api.php/tasks?limit=100
Executing Task::getAll
Query: SELECT t.*, u.username as assigned_user_name, c.username as creator_name 
                  FROM tasks t 
                  LEFT JOIN users u ON t.assigned_to = u.id 
                  LEFT JOIN users c ON t.created_by = c.id
                  WHERE t.deleted_at IS NULL AND (t.assigned_to = :user_id OR t.created_by = :user_id) ORDER BY t.created_at DESC LIMIT :limit OFFSET :offset
User ID: 32
Role: user
Params: {"page":1,"limit":"100","sort_by":"created_at","sort_order":"desc","search":"","priority":"","status":""}
API Request: /api.php/notifications
API Request: /api.php/notifications/check-reminders
API Request: /api.php/users/10?t=1765780324498
Login attempt for email: admin@example.com
Password provided: password123
User found. Hash: $2y$10$HIaAj1MvoUSigTaecnEItOKVPZ6p0T5Yp0nNqsQQuE3DHYT72DiO2
Login attempt for email: test1@example.com
Password provided: password123
User found. Hash: $2y$10$tUruz6VbVm1n1uTSsakmJ.kR0Hhh2Pq.QsW4W8i7XOp/uKFcUqGQ6
Login attempt for email: admin@example.com
Password provided: password123
User found. Hash: $2y$10$HIaAj1MvoUSigTaecnEItOKVPZ6p0T5Yp0nNqsQQuE3DHYT72DiO2
Login attempt for email: test1@example.com
Password provided: password123
User found. Hash: $2y$10$tUruz6VbVm1n1uTSsakmJ.kR0Hhh2Pq.QsW4W8i7XOp/uKFcUqGQ6
Login attempt for email: admin@example.com
Password provided: password123
User found. Hash: $2y$10$HIaAj1MvoUSigTaecnEItOKVPZ6p0T5Yp0nNqsQQuE3DHYT72DiO2
Login attempt for email: test1@example.com
Password provided: password123
User found. Hash: $2y$10$tUruz6VbVm1n1uTSsakmJ.kR0Hhh2Pq.QsW4W8i7XOp/uKFcUqGQ6
Login attempt for email: admin@example.com
Password provided: password123
User found. Hash: $2y$10$RrO99Ipm7jd1Arib0W8ZGeaqnR4cahbTnhwY9p6blmEA0eYdnPpwC
Login attempt for email: admin@example.com
Password provided: password123
User found. Hash: $2y$10$RrO99Ipm7jd1Arib0W8ZGeaqnR4cahbTnhwY9p6blmEA0eYdnPpwC
Login attempt for email: admin@example.com
Password provided: password
User found. Hash: $2y$10$RrO99Ipm7jd1Arib0W8ZGeaqnR4cahbTnhwY9p6blmEA0eYdnPpwC
Login attempt for email: admin@example.com
Password provided: password123
User found. Hash: $2y$10$RrO99Ipm7jd1Arib0W8ZGeaqnR4cahbTnhwY9p6blmEA0eYdnPpwC
Login attempt for email: test1@example.com
Password provided: password123
User found. Hash: $2y$10$tUruz6VbVm1n1uTSsakmJ.kR0Hhh2Pq.QsW4W8i7XOp/uKFcUqGQ6
Login attempt for email: admin@example.com
Password provided: password123
User found. Hash: $2y$10$RrO99Ipm7jd1Arib0W8ZGeaqnR4cahbTnhwY9p6blmEA0eYdnPpwC
Login attempt for email: admin@example.com
Password provided: password123
User found. Hash: $2y$10$RrO99Ipm7jd1Arib0W8ZGeaqnR4cahbTnhwY9p6blmEA0eYdnPpwC
Login attempt for email: admin@example.com
Password provided: password123
User found. Hash: $2y$10$RrO99Ipm7jd1Arib0W8ZGeaqnR4cahbTnhwY9p6blmEA0eYdnPpwC
Login attempt for email: admin@example.com
Password provided: password123
User found. Hash: $2y$10$6CjpwFpinCNVo1qy/CyeP.eOsu2DbwvFaYSrhiuZSzhMt03GHPafe
Login attempt for email: admin@example.com
Password provided: password123
User found. Hash: $2y$10$6CjpwFpinCNVo1qy/CyeP.eOsu2DbwvFaYSrhiuZSzhMt03GHPafe
Login attempt for email: admin@example.com
Password provided: password123
User found. Hash: $2y$10$6CjpwFpinCNVo1qy/CyeP.eOsu2DbwvFaYSrhiuZSzhMt03GHPafe
Login attempt for email: admin@example.com
Password provided: password123
User found. Hash: $2y$10$6CjpwFpinCNVo1qy/CyeP.eOsu2DbwvFaYSrhiuZSzhMt03GHPafe
Login attempt for email: admin@example.com
Password provided: password123
User found. Hash: $2y$10$6CjpwFpinCNVo1qy/CyeP.eOsu2DbwvFaYSrhiuZSzhMt03GHPafe
Login attempt for email: admin@example.com
Password provided: password123
User found. Hash: $2y$10$6CjpwFpinCNVo1qy/CyeP.eOsu2DbwvFaYSrhiuZSzhMt03GHPafe
Login attempt for email: test1@example.com
Password provided: password123
User found. Hash: $2y$10$kgzcmPYRv.98SrZ.RYpZ0uCGrZPtk5rrNCB1ZBuIEwjFVKw/nNiVK
Login attempt for email: admin@example.com
Password provided: password123
User found. Hash: $2y$10$6CjpwFpinCNVo1qy/CyeP.eOsu2DbwvFaYSrhiuZSzhMt03GHPafe
Login attempt for email: admin@example.com
Password provided: password123
User found. Hash: $2y$10$6CjpwFpinCNVo1qy/CyeP.eOsu2DbwvFaYSrhiuZSzhMt03GHPafe
Login attempt for email: test1@example.com
Password provided: password123
User found. Hash: $2y$10$kgzcmPYRv.98SrZ.RYpZ0uCGrZPtk5rrNCB1ZBuIEwjFVKw/nNiVK
Login attempt for email: admin@example.com
Password provided: password123
User found. Hash: $2y$10$6CjpwFpinCNVo1qy/CyeP.eOsu2DbwvFaYSrhiuZSzhMt03GHPafe
Login attempt for email: test1@example.com
Password provided: password123
User found. Hash: $2y$10$kgzcmPYRv.98SrZ.RYpZ0uCGrZPtk5rrNCB1ZBuIEwjFVKw/nNiVK
Login attempt for email: admin@example.com
Password provided: password123
User found. Hash: $2y$10$6CjpwFpinCNVo1qy/CyeP.eOsu2DbwvFaYSrhiuZSzhMt03GHPafe
Login attempt for email: test1@example.com
Password provided: password123
User found. Hash: $2y$10$kgzcmPYRv.98SrZ.RYpZ0uCGrZPtk5rrNCB1ZBuIEwjFVKw/nNiVK
Login attempt for email: admin@example.com
Password provided: password123
User found. Hash: $2y$10$6CjpwFpinCNVo1qy/CyeP.eOsu2DbwvFaYSrhiuZSzhMt03GHPafe
Login attempt for email: test1@example.com
Password provided: password123
User found. Hash: $2y$10$kgzcmPYRv.98SrZ.RYpZ0uCGrZPtk5rrNCB1ZBuIEwjFVKw/nNiVK
Login attempt for email: manager@example.com
Password provided: password123
User found. Hash: $2y$10$92IXUNpkjO0rOQ5byMi.Ye4oKoEa3Ro9llC/.og/at2.uheWG/igi
Login attempt for email: manager@example.com
Password provided: password
User found. Hash: $2y$10$92IXUNpkjO0rOQ5byMi.Ye4oKoEa3Ro9llC/.og/at2.uheWG/igi
Login attempt for email: manager@example.com
Password provided: password
User found. Hash: $2y$10$92IXUNpkjO0rOQ5byMi.Ye4oKoEa3Ro9llC/.og/at2.uheWG/igi
Login attempt for email: admin@example.com
Password provided: password123
User found. Hash: $2y$10$6CjpwFpinCNVo1qy/CyeP.eOsu2DbwvFaYSrhiuZSzhMt03GHPafe
Login attempt for email: test1@example.com
Password provided: password123
User found. Hash: $2y$10$kgzcmPYRv.98SrZ.RYpZ0uCGrZPtk5rrNCB1ZBuIEwjFVKw/nNiVK
Login attempt for email: admin@example.com
Password provided: password123
User found. Hash: $2y$10$6CjpwFpinCNVo1qy/CyeP.eOsu2DbwvFaYSrhiuZSzhMt03GHPafe
Login attempt for email: admin@example.com
Password provided: password123
User found. Hash: $2y$10$6CjpwFpinCNVo1qy/CyeP.eOsu2DbwvFaYSrhiuZSzhMt03GHPafe
Login attempt for email: admin@example.com
Password provided: password123
User found. Hash: $2y$10$6CjpwFpinCNVo1qy/CyeP.eOsu2DbwvFaYSrhiuZSzhMt03GHPafe
Login attempt for email: test1@example.com
Password provided: password123
User found. Hash: $2y$10$kgzcmPYRv.98SrZ.RYpZ0uCGrZPtk5rrNCB1ZBuIEwjFVKw/nNiVK
Login attempt for email: test1@example.com
Password provided: password123
User found. Hash: $2y$10$kgzcmPYRv.98SrZ.RYpZ0uCGrZPtk5rrNCB1ZBuIEwjFVKw/nNiVK
Login attempt for email: test1@example.com
Password provided: password123
User found. Hash: $2y$10$kgzcmPYRv.98SrZ.RYpZ0uCGrZPtk5rrNCB1ZBuIEwjFVKw/nNiVK
Login attempt for email: smit@gmail.com
Password provided: smit1234
Login attempt for email: smitp@gmail.com
Password provided: smit1234
Login attempt for email: smitp@gmail.com
Password provided: smit1234
Login attempt for email: smitpatel@gmail.com
Password provided: smit1234
Login attempt for email: smit@gmail.com
Password provided: smit1234
Login attempt for email: smit@gmail.com
Password provided: smit1234
Login attempt for email: smitp@gmail.com
Password provided: smit1234
Login attempt for email: smitp@gmail.com
Password provided: smit1234
Login attempt for email: smitp@gmail.com
Password provided: smit1234
Login attempt for email: smitp@gmail.com
Password provided: smit1234
Login attempt for email: smitp@gmail.com
Password provided: smit1234
Login attempt for email: admin@example.com
Password provided: password123
User found. Hash: $2y$10$6CjpwFpinCNVo1qy/CyeP.eOsu2DbwvFaYSrhiuZSzhMt03GHPafe
Login attempt for email: admin@example.com
Password provided: password123
User found. Hash: $2y$10$6CjpwFpinCNVo1qy/CyeP.eOsu2DbwvFaYSrhiuZSzhMt03GHPafe
Login attempt for email: smit23@gmail.com
Password provided: smit23
Login attempt for email: smit23@gmail.com
Password provided: smit23
Login attempt for email: smit23@gmail.com
Password provided: smit23
Login attempt for email: smit23@gmail.com
Password provided: smit23
Login attempt for email: Smit@gmail.com
Password provided: smit23
User found. Hash: $2y$10$h27OnD0pmwgI5SL04iXvh.KbNdA8zxC94b/.pBvp.MT42kWa/qXmO
Login attempt for email: admin@example.com
Password provided: password123
User found. Hash: $2y$10$6CjpwFpinCNVo1qy/CyeP.eOsu2DbwvFaYSrhiuZSzhMt03GHPafe
Login attempt for email: owner@gmail.com
Password provided: owner12
User found. Hash: $2y$10$S8v5XaghUk5OMjqo7q62d.Waod8l1KLQGuTaYPW5T8TIlGOnr0uUm
Login attempt for email: smit23@gmail.com
Password provided: smit23
Login attempt for email: Smit@gmail.com
Password provided: smit23
User found. Hash: $2y$10$h27OnD0pmwgI5SL04iXvh.KbNdA8zxC94b/.pBvp.MT42kWa/qXmO
Login attempt for email: Smit@gmail.com
Password provided: smit23
User found. Hash: $2y$10$h27OnD0pmwgI5SL04iXvh.KbNdA8zxC94b/.pBvp.MT42kWa/qXmO
Login attempt for email: admin@example.com
Password provided: password123
User found. Hash: $2y$10$6CjpwFpinCNVo1qy/CyeP.eOsu2DbwvFaYSrhiuZSzhMt03GHPafe
Login attempt for email: admin@example.com
Password provided: password123
User found. Hash: $2y$10$6CjpwFpinCNVo1qy/CyeP.eOsu2DbwvFaYSrhiuZSzhMt03GHPafe
Login attempt for email: test1@example.com
Password provided: password123
User found. Hash: $2y$10$kgzcmPYRv.98SrZ.RYpZ0uCGrZPtk5rrNCB1ZBuIEwjFVKw/nNiVK
Login attempt for email: admin@example.com
Password provided: password123
User found. Hash: $2y$10$6CjpwFpinCNVo1qy/CyeP.eOsu2DbwvFaYSrhiuZSzhMt03GHPafe
Login attempt for email: test1@example.com
Password provided: password123
User found. Hash: $2y$10$kgzcmPYRv.98SrZ.RYpZ0uCGrZPtk5rrNCB1ZBuIEwjFVKw/nNiVK
Login attempt for email: admin@example.com
Password provided: password123
User found. Hash: $2y$10$6CjpwFpinCNVo1qy/CyeP.eOsu2DbwvFaYSrhiuZSzhMt03GHPafe
Login attempt for email: test1@example.com
Password provided: password123
User found. Hash: $2y$10$kgzcmPYRv.98SrZ.RYpZ0uCGrZPtk5rrNCB1ZBuIEwjFVKw/nNiVK
Login attempt for email: admin@example.com
Password provided: password123
User found. Hash: $2y$10$6CjpwFpinCNVo1qy/CyeP.eOsu2DbwvFaYSrhiuZSzhMt03GHPafe
Login attempt for email: test1@example.com
Password provided: password123
User found. Hash: $2y$10$kgzcmPYRv.98SrZ.RYpZ0uCGrZPtk5rrNCB1ZBuIEwjFVKw/nNiVK
Login attempt for email: admin@example.com
Password provided: password123
User found. Hash: $2y$10$6CjpwFpinCNVo1qy/CyeP.eOsu2DbwvFaYSrhiuZSzhMt03GHPafe
Login attempt for email: admin@example.com
Password provided: password123
User found. Hash: $2y$10$6CjpwFpinCNVo1qy/CyeP.eOsu2DbwvFaYSrhiuZSzhMt03GHPafe
Login attempt for email: admin@example.com
Password provided: password123
User found. Hash: $2y$10$6CjpwFpinCNVo1qy/CyeP.eOsu2DbwvFaYSrhiuZSzhMt03GHPafe
Login attempt for email: test1@example.com
Password provided: password123
User found. Hash: $2y$10$kgzcmPYRv.98SrZ.RYpZ0uCGrZPtk5rrNCB1ZBuIEwjFVKw/nNiVK
Login attempt for email: admin@example.com
Password provided: password123
User found. Hash: $2y$10$6CjpwFpinCNVo1qy/CyeP.eOsu2DbwvFaYSrhiuZSzhMt03GHPafe
Login attempt for email: test1@example.com
Password provided: password123
User found. Hash: $2y$10$kgzcmPYRv.98SrZ.RYpZ0uCGrZPtk5rrNCB1ZBuIEwjFVKw/nNiVK
Login attempt for email: admin@example.com
Password provided: password123
User found. Hash: $2y$10$6CjpwFpinCNVo1qy/CyeP.eOsu2DbwvFaYSrhiuZSzhMt03GHPafe
Login attempt for email: test1@example.com
Password provided: password123
User found. Hash: $2y$10$kgzcmPYRv.98SrZ.RYpZ0uCGrZPtk5rrNCB1ZBuIEwjFVKw/nNiVK
Login attempt for email: admin@example.com
Password provided: password
User found. Hash: $2y$10$6CjpwFpinCNVo1qy/CyeP.eOsu2DbwvFaYSrhiuZSzhMt03GHPafe
Login attempt for email: admin@example.com
Password provided: password123
User found. Hash: $2y$10$6CjpwFpinCNVo1qy/CyeP.eOsu2DbwvFaYSrhiuZSzhMt03GHPafe
Login attempt for email: admin@example.com
Password provided: password
User found. Hash: $2y$10$6CjpwFpinCNVo1qy/CyeP.eOsu2DbwvFaYSrhiuZSzhMt03GHPafe
Login attempt for email: admin@example.com
Password provided: password
User found. Hash: $2y$10$6CjpwFpinCNVo1qy/CyeP.eOsu2DbwvFaYSrhiuZSzhMt03GHPafe
Login attempt for email: admin@example.com
Password provided: password
User found. Hash: $2y$10$6CjpwFpinCNVo1qy/CyeP.eOsu2DbwvFaYSrhiuZSzhMt03GHPafe
Login attempt for email: admin@example.com
Password provided: password
User found. Hash: $2y$10$6CjpwFpinCNVo1qy/CyeP.eOsu2DbwvFaYSrhiuZSzhMt03GHPafe
Login attempt for email: test1@example.com
Password provided: password123
User found. Hash: $2y$10$kgzcmPYRv.98SrZ.RYpZ0uCGrZPtk5rrNCB1ZBuIEwjFVKw/nNiVK
Login attempt for email: admin@example.com
Password provided: password
User found. Hash: $2y$10$6CjpwFpinCNVo1qy/CyeP.eOsu2DbwvFaYSrhiuZSzhMt03GHPafe
Login attempt for email: admin@example.com
Password provided: password
User found. Hash: $2y$10$6CjpwFpinCNVo1qy/CyeP.eOsu2DbwvFaYSrhiuZSzhMt03GHPafe
Login attempt for email: admin@example.com
Password provided: password
User found. Hash: $2y$10$BUklcFjGg59MbTiEw48ntu.ZbIK8f0/Ba7IOIUdaUkaSnsT/A4p.W
Login attempt for email: admin@example.com
Password provided: password
User found. Hash: $2y$10$BUklcFjGg59MbTiEw48ntu.ZbIK8f0/Ba7IOIUdaUkaSnsT/A4p.W
Login attempt for email: admin@example.com
Password provided: password
User found. Hash: $2y$10$BUklcFjGg59MbTiEw48ntu.ZbIK8f0/Ba7IOIUdaUkaSnsT/A4p.W
Login attempt for email: admin@example.com
Password provided: password123
User found. Hash: $2y$10$BUklcFjGg59MbTiEw48ntu.ZbIK8f0/Ba7IOIUdaUkaSnsT/A4p.W
Login attempt for email: admin@example.com
Password provided: password123
User found. Hash: $2y$10$BUklcFjGg59MbTiEw48ntu.ZbIK8f0/Ba7IOIUdaUkaSnsT/A4p.W
Login attempt for email: test1@example.com
Password provided: password123
User found. Hash: $2y$10$kgzcmPYRv.98SrZ.RYpZ0uCGrZPtk5rrNCB1ZBuIEwjFVKw/nNiVK
Login attempt for email: admin@example.com
Password provided: password123
User found. Hash: $2y$10$BUklcFjGg59MbTiEw48ntu.ZbIK8f0/Ba7IOIUdaUkaSnsT/A4p.W
Login attempt for email: admin@example.com
Password provided: password123
User found. Hash: $2y$10$BUklcFjGg59MbTiEw48ntu.ZbIK8f0/Ba7IOIUdaUkaSnsT/A4p.W
Login attempt for email: admin@example.com
Password provided: password123
User found. Hash: $2y$10$BUklcFjGg59MbTiEw48ntu.ZbIK8f0/Ba7IOIUdaUkaSnsT/A4p.W
Login attempt for email: admin@example.com
Password provided: password
User found. Hash: $2y$10$S6KUZiCAfAaGf1jBrPwa5eY2aVOiKx1SGUs8Zxt2.K65mNJ84GtRa
Login attempt for email: test1@example.com
Password provided: password123
User found. Hash: $2y$10$kgzcmPYRv.98SrZ.RYpZ0uCGrZPtk5rrNCB1ZBuIEwjFVKw/nNiVK
Login attempt for email: admin@example.com
Password provided: password
User found. Hash: $2y$10$S6KUZiCAfAaGf1jBrPwa5eY2aVOiKx1SGUs8Zxt2.K65mNJ84GtRa
Login attempt for email: admin@example.com
Password provided: password
User found. Hash: $2y$10$S6KUZiCAfAaGf1jBrPwa5eY2aVOiKx1SGUs8Zxt2.K65mNJ84GtRa
Login attempt for email: user@example.com
Password provided: password
User found. Hash: $2y$10$92IXUNpkjO0rOQ5byMi.Ye4oKoEa3Ro9llC/.og/at2.uheWG/igi
Login attempt for email: admin@example.com
Password provided: password
User found. Hash: $2y$10$S6KUZiCAfAaGf1jBrPwa5eY2aVOiKx1SGUs8Zxt2.K65mNJ84GtRa
Login attempt for email: user@example.com
Password provided: password
User found. Hash: $2y$10$Q6RjW/lYPo9XYVHP/z9IaerNkVp4jwLgjxDT6BxM5vXYlK.sGxTeO
Login attempt for email: user@example.com
Password provided: password
User found. Hash: $2y$10$Q6RjW/lYPo9XYVHP/z9IaerNkVp4jwLgjxDT6BxM5vXYlK.sGxTeO
Login attempt for email: test1@example.com
Password provided: password123
User found. Hash: $2y$10$kgzcmPYRv.98SrZ.RYpZ0uCGrZPtk5rrNCB1ZBuIEwjFVKw/nNiVK
Login attempt for email: admin@example.com
Password provided: password
User found. Hash: $2y$10$S6KUZiCAfAaGf1jBrPwa5eY2aVOiKx1SGUs8Zxt2.K65mNJ84GtRa
Login attempt for email: test1@example.com
Password provided: password123
User found. Hash: $2y$10$kgzcmPYRv.98SrZ.RYpZ0uCGrZPtk5rrNCB1ZBuIEwjFVKw/nNiVK
Login attempt for email: test1@example.com
Password provided: password
User found. Hash: $2y$10$OBbpAo/wintz.FY3wlXyqe/IcfYkRe8xB5/z3tZaNJcRP/vh6a2Pq
Login attempt for email: admin@example.com
Password provided: password123
User found. Hash: $2y$10$S6KUZiCAfAaGf1jBrPwa5eY2aVOiKx1SGUs8Zxt2.K65mNJ84GtRa
Login attempt for email: admin@example.com
Password provided: password
User found. Hash: $2y$10$S6KUZiCAfAaGf1jBrPwa5eY2aVOiKx1SGUs8Zxt2.K65mNJ84GtRa
Login attempt for email: test1@example.com
Password provided: password123
User found. Hash: $2y$10$OBbpAo/wintz.FY3wlXyqe/IcfYkRe8xB5/z3tZaNJcRP/vh6a2Pq
Login attempt for email: test1@example.com
Password provided: password
User found. Hash: $2y$10$OBbpAo/wintz.FY3wlXyqe/IcfYkRe8xB5/z3tZaNJcRP/vh6a2Pq
Login attempt for email: admin@example.com
Password provided: password
User found. Hash: $2y$10$S6KUZiCAfAaGf1jBrPwa5eY2aVOiKx1SGUs8Zxt2.K65mNJ84GtRa
Login attempt for email: test1@example.com
Password provided: password
User found. Hash: $2y$10$OBbpAo/wintz.FY3wlXyqe/IcfYkRe8xB5/z3tZaNJcRP/vh6a2Pq
Login attempt for email: test1@example.com
Password provided: password
User found. Hash: $2y$10$vP1DHFTHnQZT4W7mkuZLxOn9z.zQOSd37l7OG6w0lsVpjs80Zzg6G
Login attempt for email: test1@example.com
Password provided: password123
User found. Hash: $2y$10$vP1DHFTHnQZT4W7mkuZLxOn9z.zQOSd37l7OG6w0lsVpjs80Zzg6G
Login attempt for email: test1@example.com
Password provided: password
User found. Hash: $2y$10$vP1DHFTHnQZT4W7mkuZLxOn9z.zQOSd37l7OG6w0lsVpjs80Zzg6G
Login attempt for email: test1@example.com
Password provided: password
User found. Hash: $2y$10$vP1DHFTHnQZT4W7mkuZLxOn9z.zQOSd37l7OG6w0lsVpjs80Zzg6G
Login attempt for email: test1@example.com
Password provided: password
User found. Hash: $2y$10$vP1DHFTHnQZT4W7mkuZLxOn9z.zQOSd37l7OG6w0lsVpjs80Zzg6G
Login attempt for email: test1@example.com
Password provided: password
User found. Hash: $2y$10$vP1DHFTHnQZT4W7mkuZLxOn9z.zQOSd37l7OG6w0lsVpjs80Zzg6G
Login attempt for email: test1@example.com
Password provided: password
User found. Hash: $2y$10$vP1DHFTHnQZT4W7mkuZLxOn9z.zQOSd37l7OG6w0lsVpjs80Zzg6G
Login attempt for email: test1@example.com
Password provided: password
User found. Hash: $2y$10$vP1DHFTHnQZT4W7mkuZLxOn9z.zQOSd37l7OG6w0lsVpjs80Zzg6G
Login attempt for email: test1@example.com
Password provided: password
User found. Hash: $2y$10$vP1DHFTHnQZT4W7mkuZLxOn9z.zQOSd37l7OG6w0lsVpjs80Zzg6G
Login attempt for email: test1@example.com
Password provided: password
User found. Hash: $2y$10$vP1DHFTHnQZT4W7mkuZLxOn9z.zQOSd37l7OG6w0lsVpjs80Zzg6G
Login attempt for email: test1@example.com
Password provided: password
User found. Hash: $2y$10$vP1DHFTHnQZT4W7mkuZLxOn9z.zQOSd37l7OG6w0lsVpjs80Zzg6G
Login attempt for email: admin@example.com
Password provided: password
User found. Hash: $2y$10$S6KUZiCAfAaGf1jBrPwa5eY2aVOiKx1SGUs8Zxt2.K65mNJ84GtRa
Login attempt for email: admin@example.com
Password provided: password
User found. Hash: $2y$10$S6KUZiCAfAaGf1jBrPwa5eY2aVOiKx1SGUs8Zxt2.K65mNJ84GtRa
Login attempt for email: admin@example.com
Password provided: password
User found. Hash: $2y$10$S6KUZiCAfAaGf1jBrPwa5eY2aVOiKx1SGUs8Zxt2.K65mNJ84GtRa
Login attempt for email: test1@example.com
Password provided: password
User found. Hash: $2y$10$vP1DHFTHnQZT4W7mkuZLxOn9z.zQOSd37l7OG6w0lsVpjs80Zzg6G
Login attempt for email: admin@example.com
Password provided: password
User found. Hash: $2y$10$S6KUZiCAfAaGf1jBrPwa5eY2aVOiKx1SGUs8Zxt2.K65mNJ84GtRa
Login attempt for email: smit@example.com
Password provided: password123
Login attempt for email: smit@example.com
Password provided: password123
Login attempt for email: smit@example.com
Password provided: password123
Login attempt for email: smit@example.com
Password provided: password123
User found. Hash: $2y$10$vlCwmrQmXkF5HOYT7srAX.O3tQgzEjXq3MlVLZHLL9e5ox8CuZGb2
Login attempt for email: admin@example.com
Password provided: password
User found. Hash: $2y$10$S6KUZiCAfAaGf1jBrPwa5eY2aVOiKx1SGUs8Zxt2.K65mNJ84GtRa
Login attempt for email: manager@example.com
Password provided: password
User found. Hash: $2y$10$92IXUNpkjO0rOQ5byMi.Ye4oKoEa3Ro9llC/.og/at2.uheWG/igi
Login attempt for email: smit23@gmail.com
Password provided: smit23
Login attempt for email: smit@example.com
Password provided: password123
User found. Hash: $2y$10$vlCwmrQmXkF5HOYT7srAX.O3tQgzEjXq3MlVLZHLL9e5ox8CuZGb2
Login attempt for email: karan@gmail.com
Password provided: karan123
Login attempt for email: karan@gmail.com
Password provided: karan123
Login attempt for email: karan@gmail.com
Password provided: karan123
Login attempt for email: karan@gmail.com
Password provided: karan123
Login attempt for email: owner@gmail.com
Password provided: owner123
User found. Hash: $2y$10$VGEBD1sc02q8WdVmviSDLuVH8W1U46E5C1UopTYM34FJLHm7fHfN6
Login attempt for email: ownercurl2@test.com
Password provided: password
User found. Hash: $2y$10$VY7Y.6spiQ2DmylduT5gW.l3CWN2N57JHdwRbrSfhB5bDkrJIKNju
Login attempt for email: admin@example.com
Password provided: password
User found. Hash: $2y$10$S6KUZiCAfAaGf1jBrPwa5eY2aVOiKx1SGUs8Zxt2.K65mNJ84GtRa
Login attempt for email: admin@example.com
Password provided: password
User found. Hash: $2y$10$S6KUZiCAfAaGf1jBrPwa5eY2aVOiKx1SGUs8Zxt2.K65mNJ84GtRa
Login attempt for email: test1@example.com
Password provided: password
User found. Hash: $2y$10$vP1DHFTHnQZT4W7mkuZLxOn9z.zQOSd37l7OG6w0lsVpjs80Zzg6G
Login attempt for email: smit@example.com
Password provided: password123
User found. Hash: $2y$10$vlCwmrQmXkF5HOYT7srAX.O3tQgzEjXq3MlVLZHLL9e5ox8CuZGb2
Login attempt for email: admin@example.com
Password provided: password123
User found. Hash: $2y$10$S6KUZiCAfAaGf1jBrPwa5eY2aVOiKx1SGUs8Zxt2.K65mNJ84GtRa
Login attempt for email: admin@example.com
Password provided: password
User found. Hash: $2y$10$S6KUZiCAfAaGf1jBrPwa5eY2aVOiKx1SGUs8Zxt2.K65mNJ84GtRa
Login attempt for email: admin@example.com
Password provided: password
User found. Hash: $2y$10$S6KUZiCAfAaGf1jBrPwa5eY2aVOiKx1SGUs8Zxt2.K65mNJ84GtRa
Password verified for user: admin@example.com. Generating token...
Generating JWT for data: {"id":1,"username":"Admin User","email":"admin@example.com","role":"admin","points":10,"company_id":5}
Token generated successfully.
Login attempt for email: admin@example.com
Password provided: password
User found. Hash: $2y$10$S6KUZiCAfAaGf1jBrPwa5eY2aVOiKx1SGUs8Zxt2.K65mNJ84GtRa
Password verified for user: admin@example.com. Generating token...
Generating JWT for data: {"id":1,"username":"Admin User","email":"admin@example.com","role":"admin","points":10,"company_id":5}
Token generated successfully.
